<?xml version="1.0" encoding="UTF-8"?>
<!-- Generated by org.testng.reporters.JUnitXMLReporter -->
<testsuite ignored="0" hostname="QB-KRT-10583" failures="0" tests="2" name="Login and Registration Tests-Firefox" time="0.074" errors="0" timestamp="2024-06-19T10:09:57 IST">
  <testcase classname="com.guru99.newtours.tests.TestBase" name="@BeforeTest setUp" time="0.007">
    <failure type="java.lang.IllegalStateException" message="It must be an executable file: /home/nirmala/Eclipse2021/newtours-test-application/drivers/geckodriver">
      <![CDATA[java.lang.IllegalStateException: It must be an executable file: /home/nirmala/Eclipse2021/newtours-test-application/drivers/geckodriver
at org.openqa.selenium.internal.Require.stateCondition(Require.java:172)
at org.openqa.selenium.remote.service.DriverFinder.getPath(DriverFinder.java:41)
at org.openqa.selenium.firefox.FirefoxDriver.generateExecutor(FirefoxDriver.java:139)
at org.openqa.selenium.firefox.FirefoxDriver.<init>(FirefoxDriver.java:131)
at org.openqa.selenium.firefox.FirefoxDriver.<init>(FirefoxDriver.java:127)
at org.openqa.selenium.firefox.FirefoxDriver.<init>(FirefoxDriver.java:112)
at org.openqa.selenium.firefox.FirefoxDriver.<init>(FirefoxDriver.java:102)
at com.guru99.newtours.tests.TestBase.setUp(TestBase.java:53)
... Removed 24 stack frames]]>
    </failure>
  </testcase> <!-- @BeforeTest setUp -->
  <testcase classname="com.guru99.newtours.tests.TestBase" name="@AfterTest tearDown" time="-1.718771997811E9">
    <skipped/>
  </testcase> <!-- @AfterTest tearDown -->
  <testcase classname="com.guru99.newtours.tests.TestBase" name="login" time="0.0">
    <skipped/>
  </testcase> <!-- login -->
  <testcase classname="com.guru99.newtours.tests.TestBase" name="register" time="0.0">
    <skipped/>
  </testcase> <!-- register -->
</testsuite> <!-- Login and Registration Tests-Firefox -->
